2023-05-18 13:04:50,743 [Worker-3: Loading available Gradle versions] INFO  o.e.b.c.i.u.g.PublishedGradleVersions - Gradle version information cache is up-to-date. Trying to read.
2023-05-23 09:34:33,155 [Worker-1: Loading available Gradle versions] INFO  o.e.b.c.i.u.g.PublishedGradleVersions - Gradle version information cache is out-of-date. Trying to update.
2023-05-23 09:35:07,719 [Worker-1: Importing Maven projects] INFO  o.e.m.c.i.l.LifecycleMappingFactory - Using org.eclipse.m2e.jdt.JarLifecycleMapping lifecycle mapping for MavenProject: com.cegedim.clm:mlm_fileris:1.0-SNAPSHOT @ D:\mlm-filieris-preprod\pom.xml.
2023-05-23 09:35:08,742 [Worker-1: Importing Maven projects] INFO  o.e.m.j.i.AbstractJavaProjectConfigurator - Adding source folder /mlm_fileris/src/main/java
2023-05-23 09:35:08,754 [Worker-1: Importing Maven projects] INFO  o.e.m.j.i.AbstractJavaProjectConfigurator - Adding source folder /mlm_fileris/src/test/java
2023-05-23 09:35:08,754 [Worker-1: Importing Maven projects] INFO  o.e.m.j.i.AbstractJavaProjectConfigurator - Adding resource folder /mlm_fileris/src/test/resources
2023-05-23 09:35:09,992 [Worker-1: Importing Maven projects] INFO  o.e.m.c.i.p.ProjectConfigurationManager - Imported and configured 1 project(s) in 3 sec
2023-05-23 09:35:12,525 [Worker-3: Building] WARN  o.e.m.c.i.embedder.EclipseLogger - Using platform encoding (Cp1252 actually) to copy filtered resources, i.e. build is platform dependent!
2023-05-23 09:35:12,526 [Worker-3: Building] INFO  o.e.m.c.i.embedder.EclipseLogger - skip non existing resourceDirectory D:\mlm-filieris-preprod\src\main\resources
2023-05-23 09:35:12,529 [Worker-3: Building] WARN  o.e.m.c.i.embedder.EclipseLogger - Using platform encoding (Cp1252 actually) to copy filtered resources, i.e. build is platform dependent!
2023-05-23 09:35:12,539 [Worker-3: Building] INFO  o.e.m.c.i.embedder.EclipseLogger - Copying 12 resources
2023-05-23 09:36:16,343 [Worker-6: Building] INFO  o.e.m.c.i.l.LifecycleMappingFactory - Using org.eclipse.m2e.jdt.JarLifecycleMapping lifecycle mapping for MavenProject: com.cegedim.clm:mlm_fileris:1.0-SNAPSHOT @ D:\mlm-filieris-preprod\pom.xml.
2023-05-23 09:36:17,008 [Worker-6: Building] WARN  o.e.m.c.i.embedder.EclipseLogger - Using platform encoding (Cp1252 actually) to copy filtered resources, i.e. build is platform dependent!
2023-05-23 09:36:17,009 [Worker-6: Building] INFO  o.e.m.c.i.embedder.EclipseLogger - skip non existing resourceDirectory D:\mlm-filieris-preprod\src\main\resources
2023-05-23 09:36:17,012 [Worker-6: Building] WARN  o.e.m.c.i.embedder.EclipseLogger - Using platform encoding (Cp1252 actually) to copy filtered resources, i.e. build is platform dependent!
2023-05-23 09:36:17,015 [Worker-6: Building] INFO  o.e.m.c.i.embedder.EclipseLogger - Copying 0 resource
2023-05-23 09:36:18,808 [Worker-8: Building] WARN  o.e.m.c.i.embedder.EclipseLogger - Using platform encoding (Cp1252 actually) to copy filtered resources, i.e. build is platform dependent!
2023-05-23 09:36:18,809 [Worker-8: Building] INFO  o.e.m.c.i.embedder.EclipseLogger - skip non existing resourceDirectory D:\mlm-filieris-preprod\src\main\resources
2023-05-23 09:36:18,811 [Worker-8: Building] WARN  o.e.m.c.i.embedder.EclipseLogger - Using platform encoding (Cp1252 actually) to copy filtered resources, i.e. build is platform dependent!
2023-05-23 09:36:18,815 [Worker-8: Building] INFO  o.e.m.c.i.embedder.EclipseLogger - Copying 12 resources
2023-05-23 09:36:22,949 [Worker-1: Building] WARN  o.e.m.c.i.embedder.EclipseLogger - Using platform encoding (Cp1252 actually) to copy filtered resources, i.e. build is platform dependent!
2023-05-23 09:36:22,950 [Worker-1: Building] INFO  o.e.m.c.i.embedder.EclipseLogger - skip non existing resourceDirectory D:\mlm-filieris-preprod\src\main\resources
2023-05-23 09:36:22,953 [Worker-1: Building] WARN  o.e.m.c.i.embedder.EclipseLogger - Using platform encoding (Cp1252 actually) to copy filtered resources, i.e. build is platform dependent!
2023-05-23 09:36:22,954 [Worker-1: Building] INFO  o.e.m.c.i.embedder.EclipseLogger - Copying 0 resource
2023-05-23 09:48:43,876 [Worker-13: Launching CQ_2619.impression_de_la_mension_a_partir_du_sur_les_prescriptions_de_medicaments_CQ_2619] WARN  o.e.m.c.i.embedder.EclipseLogger - Using platform encoding (Cp1252 actually) to copy filtered resources, i.e. build is platform dependent!
2023-05-23 09:48:43,879 [Worker-13: Launching CQ_2619.impression_de_la_mension_a_partir_du_sur_les_prescriptions_de_medicaments_CQ_2619] INFO  o.e.m.c.i.embedder.EclipseLogger - skip non existing resourceDirectory D:\mlm-filieris-preprod\src\main\resources
2023-05-23 09:48:43,887 [Worker-13: Launching CQ_2619.impression_de_la_mension_a_partir_du_sur_les_prescriptions_de_medicaments_CQ_2619] WARN  o.e.m.c.i.embedder.EclipseLogger - Using platform encoding (Cp1252 actually) to copy filtered resources, i.e. build is platform dependent!
2023-05-23 09:48:43,890 [Worker-13: Launching CQ_2619.impression_de_la_mension_a_partir_du_sur_les_prescriptions_de_medicaments_CQ_2619] INFO  o.e.m.c.i.embedder.EclipseLogger - Copying 12 resources
2023-05-23 09:49:00,045 [Worker-15: Launching CQ_2619.impression_de_la_mension_a_partir_du_sur_les_prescriptions_de_medicaments_CQ_2619] WARN  o.e.m.c.i.embedder.EclipseLogger - Using platform encoding (Cp1252 actually) to copy filtered resources, i.e. build is platform dependent!
2023-05-23 09:49:00,047 [Worker-15: Launching CQ_2619.impression_de_la_mension_a_partir_du_sur_les_prescriptions_de_medicaments_CQ_2619] INFO  o.e.m.c.i.embedder.EclipseLogger - skip non existing resourceDirectory D:\mlm-filieris-preprod\src\main\resources
2023-05-23 09:49:00,049 [Worker-15: Launching CQ_2619.impression_de_la_mension_a_partir_du_sur_les_prescriptions_de_medicaments_CQ_2619] WARN  o.e.m.c.i.embedder.EclipseLogger - Using platform encoding (Cp1252 actually) to copy filtered resources, i.e. build is platform dependent!
2023-05-23 09:49:00,051 [Worker-15: Launching CQ_2619.impression_de_la_mension_a_partir_du_sur_les_prescriptions_de_medicaments_CQ_2619] INFO  o.e.m.c.i.embedder.EclipseLogger - Copying 12 resources
2023-05-23 09:57:08,875 [Worker-19: Launching CQ_2619.impression_de_la_mension_a_partir_du_sur_les_prescriptions_de_medicaments_CQ_2619] WARN  o.e.m.c.i.embedder.EclipseLogger - Using platform encoding (Cp1252 actually) to copy filtered resources, i.e. build is platform dependent!
2023-05-23 09:57:08,879 [Worker-19: Launching CQ_2619.impression_de_la_mension_a_partir_du_sur_les_prescriptions_de_medicaments_CQ_2619] INFO  o.e.m.c.i.embedder.EclipseLogger - skip non existing resourceDirectory D:\mlm-filieris-preprod\src\main\resources
2023-05-23 09:57:08,881 [Worker-19: Launching CQ_2619.impression_de_la_mension_a_partir_du_sur_les_prescriptions_de_medicaments_CQ_2619] WARN  o.e.m.c.i.embedder.EclipseLogger - Using platform encoding (Cp1252 actually) to copy filtered resources, i.e. build is platform dependent!
2023-05-23 09:57:08,883 [Worker-19: Launching CQ_2619.impression_de_la_mension_a_partir_du_sur_les_prescriptions_de_medicaments_CQ_2619] INFO  o.e.m.c.i.embedder.EclipseLogger - Copying 12 resources
2023-05-23 10:08:30,122 [Worker-22: Launching CQ_2619.impression_de_la_mension_a_partir_du_sur_les_prescriptions_de_medicaments_CQ_2619] WARN  o.e.m.c.i.embedder.EclipseLogger - Using platform encoding (Cp1252 actually) to copy filtered resources, i.e. build is platform dependent!
2023-05-23 10:08:30,123 [Worker-22: Launching CQ_2619.impression_de_la_mension_a_partir_du_sur_les_prescriptions_de_medicaments_CQ_2619] INFO  o.e.m.c.i.embedder.EclipseLogger - skip non existing resourceDirectory D:\mlm-filieris-preprod\src\main\resources
2023-05-23 10:08:30,126 [Worker-22: Launching CQ_2619.impression_de_la_mension_a_partir_du_sur_les_prescriptions_de_medicaments_CQ_2619] WARN  o.e.m.c.i.embedder.EclipseLogger - Using platform encoding (Cp1252 actually) to copy filtered resources, i.e. build is platform dependent!
2023-05-23 10:08:30,128 [Worker-22: Launching CQ_2619.impression_de_la_mension_a_partir_du_sur_les_prescriptions_de_medicaments_CQ_2619] INFO  o.e.m.c.i.embedder.EclipseLogger - Copying 12 resources
2023-05-23 10:23:55,948 [Worker-23: Launching CQ_2619.impression_de_la_mension_a_partir_du_sur_les_prescriptions_de_medicaments_CQ_2619] WARN  o.e.m.c.i.embedder.EclipseLogger - Using platform encoding (Cp1252 actually) to copy filtered resources, i.e. build is platform dependent!
2023-05-23 10:23:55,948 [Worker-23: Launching CQ_2619.impression_de_la_mension_a_partir_du_sur_les_prescriptions_de_medicaments_CQ_2619] INFO  o.e.m.c.i.embedder.EclipseLogger - skip non existing resourceDirectory D:\mlm-filieris-preprod\src\main\resources
2023-05-23 10:23:55,950 [Worker-23: Launching CQ_2619.impression_de_la_mension_a_partir_du_sur_les_prescriptions_de_medicaments_CQ_2619] WARN  o.e.m.c.i.embedder.EclipseLogger - Using platform encoding (Cp1252 actually) to copy filtered resources, i.e. build is platform dependent!
2023-05-23 10:23:55,952 [Worker-23: Launching CQ_2619.impression_de_la_mension_a_partir_du_sur_les_prescriptions_de_medicaments_CQ_2619] INFO  o.e.m.c.i.embedder.EclipseLogger - Copying 12 resources
2023-05-23 10:27:11,922 [Worker-22: Launching CQ_2619.impression_de_la_mension_a_partir_du_sur_les_prescriptions_de_medicaments_CQ_2619] WARN  o.e.m.c.i.embedder.EclipseLogger - Using platform encoding (Cp1252 actually) to copy filtered resources, i.e. build is platform dependent!
2023-05-23 10:27:11,923 [Worker-22: Launching CQ_2619.impression_de_la_mension_a_partir_du_sur_les_prescriptions_de_medicaments_CQ_2619] INFO  o.e.m.c.i.embedder.EclipseLogger - skip non existing resourceDirectory D:\mlm-filieris-preprod\src\main\resources
2023-05-23 10:27:11,925 [Worker-22: Launching CQ_2619.impression_de_la_mension_a_partir_du_sur_les_prescriptions_de_medicaments_CQ_2619] WARN  o.e.m.c.i.embedder.EclipseLogger - Using platform encoding (Cp1252 actually) to copy filtered resources, i.e. build is platform dependent!
2023-05-23 10:27:11,927 [Worker-22: Launching CQ_2619.impression_de_la_mension_a_partir_du_sur_les_prescriptions_de_medicaments_CQ_2619] INFO  o.e.m.c.i.embedder.EclipseLogger - Copying 12 resources
2023-05-23 10:55:12,018 [Worker-38: Launching CQ_2619.impression_de_la_mension_a_partir_du_sur_les_prescriptions_de_medicaments_CQ_2619] WARN  o.e.m.c.i.embedder.EclipseLogger - Using platform encoding (Cp1252 actually) to copy filtered resources, i.e. build is platform dependent!
2023-05-23 10:55:12,019 [Worker-38: Launching CQ_2619.impression_de_la_mension_a_partir_du_sur_les_prescriptions_de_medicaments_CQ_2619] INFO  o.e.m.c.i.embedder.EclipseLogger - skip non existing resourceDirectory D:\mlm-filieris-preprod\src\main\resources
2023-05-23 10:55:12,020 [Worker-38: Launching CQ_2619.impression_de_la_mension_a_partir_du_sur_les_prescriptions_de_medicaments_CQ_2619] WARN  o.e.m.c.i.embedder.EclipseLogger - Using platform encoding (Cp1252 actually) to copy filtered resources, i.e. build is platform dependent!
2023-05-23 10:55:12,022 [Worker-38: Launching CQ_2619.impression_de_la_mension_a_partir_du_sur_les_prescriptions_de_medicaments_CQ_2619] INFO  o.e.m.c.i.embedder.EclipseLogger - Copying 12 resources
2023-05-23 11:05:15,577 [Worker-43: Launching CQ_2619.impression_de_la_mension_a_partir_du_sur_les_prescriptions_de_medicaments_CQ_2619] WARN  o.e.m.c.i.embedder.EclipseLogger - Using platform encoding (Cp1252 actually) to copy filtered resources, i.e. build is platform dependent!
2023-05-23 11:05:15,578 [Worker-43: Launching CQ_2619.impression_de_la_mension_a_partir_du_sur_les_prescriptions_de_medicaments_CQ_2619] INFO  o.e.m.c.i.embedder.EclipseLogger - skip non existing resourceDirectory D:\mlm-filieris-preprod\src\main\resources
2023-05-23 11:05:15,579 [Worker-43: Launching CQ_2619.impression_de_la_mension_a_partir_du_sur_les_prescriptions_de_medicaments_CQ_2619] WARN  o.e.m.c.i.embedder.EclipseLogger - Using platform encoding (Cp1252 actually) to copy filtered resources, i.e. build is platform dependent!
2023-05-23 11:05:15,581 [Worker-43: Launching CQ_2619.impression_de_la_mension_a_partir_du_sur_les_prescriptions_de_medicaments_CQ_2619] INFO  o.e.m.c.i.embedder.EclipseLogger - Copying 12 resources
2023-05-23 11:17:15,130 [Worker-51: Launching CQ_2253.import_express_de_document_dans_le_dm_patient_CQ_2253] WARN  o.e.m.c.i.embedder.EclipseLogger - Using platform encoding (Cp1252 actually) to copy filtered resources, i.e. build is platform dependent!
2023-05-23 11:17:15,131 [Worker-51: Launching CQ_2253.import_express_de_document_dans_le_dm_patient_CQ_2253] INFO  o.e.m.c.i.embedder.EclipseLogger - skip non existing resourceDirectory D:\mlm-filieris-preprod\src\main\resources
2023-05-23 11:17:15,134 [Worker-51: Launching CQ_2253.import_express_de_document_dans_le_dm_patient_CQ_2253] WARN  o.e.m.c.i.embedder.EclipseLogger - Using platform encoding (Cp1252 actually) to copy filtered resources, i.e. build is platform dependent!
2023-05-23 11:17:15,135 [Worker-51: Launching CQ_2253.import_express_de_document_dans_le_dm_patient_CQ_2253] INFO  o.e.m.c.i.embedder.EclipseLogger - Copying 12 resources
2023-05-23 11:23:36,601 [Worker-52: Launching CQ_2619.impression_de_la_mension_a_partir_du_sur_les_prescriptions_de_medicaments_CQ_2619] WARN  o.e.m.c.i.embedder.EclipseLogger - Using platform encoding (Cp1252 actually) to copy filtered resources, i.e. build is platform dependent!
2023-05-23 11:23:36,602 [Worker-52: Launching CQ_2619.impression_de_la_mension_a_partir_du_sur_les_prescriptions_de_medicaments_CQ_2619] INFO  o.e.m.c.i.embedder.EclipseLogger - skip non existing resourceDirectory D:\mlm-filieris-preprod\src\main\resources
2023-05-23 11:23:36,603 [Worker-52: Launching CQ_2619.impression_de_la_mension_a_partir_du_sur_les_prescriptions_de_medicaments_CQ_2619] WARN  o.e.m.c.i.embedder.EclipseLogger - Using platform encoding (Cp1252 actually) to copy filtered resources, i.e. build is platform dependent!
2023-05-23 11:23:36,605 [Worker-52: Launching CQ_2619.impression_de_la_mension_a_partir_du_sur_les_prescriptions_de_medicaments_CQ_2619] INFO  o.e.m.c.i.embedder.EclipseLogger - Copying 12 resources
2023-05-23 11:32:28,134 [Worker-56: Launching CQ_2253.import_express_de_document_dans_le_dm_patient_CQ_2253] WARN  o.e.m.c.i.embedder.EclipseLogger - Using platform encoding (Cp1252 actually) to copy filtered resources, i.e. build is platform dependent!
2023-05-23 11:32:28,135 [Worker-56: Launching CQ_2253.import_express_de_document_dans_le_dm_patient_CQ_2253] INFO  o.e.m.c.i.embedder.EclipseLogger - skip non existing resourceDirectory D:\mlm-filieris-preprod\src\main\resources
2023-05-23 11:32:28,137 [Worker-56: Launching CQ_2253.import_express_de_document_dans_le_dm_patient_CQ_2253] WARN  o.e.m.c.i.embedder.EclipseLogger - Using platform encoding (Cp1252 actually) to copy filtered resources, i.e. build is platform dependent!
2023-05-23 11:32:28,138 [Worker-56: Launching CQ_2253.import_express_de_document_dans_le_dm_patient_CQ_2253] INFO  o.e.m.c.i.embedder.EclipseLogger - Copying 12 resources
2023-05-23 11:36:26,159 [Worker-52: Building] WARN  o.e.m.c.i.embedder.EclipseLogger - Using platform encoding (Cp1252 actually) to copy filtered resources, i.e. build is platform dependent!
2023-05-23 11:36:26,160 [Worker-52: Building] INFO  o.e.m.c.i.embedder.EclipseLogger - skip non existing resourceDirectory D:\mlm-filieris-preprod\src\main\resources
2023-05-23 11:36:26,162 [Worker-52: Building] WARN  o.e.m.c.i.embedder.EclipseLogger - Using platform encoding (Cp1252 actually) to copy filtered resources, i.e. build is platform dependent!
2023-05-23 11:36:26,163 [Worker-52: Building] INFO  o.e.m.c.i.embedder.EclipseLogger - Copying 0 resource
2023-05-23 11:36:27,174 [Worker-55: Building] WARN  o.e.m.c.i.embedder.EclipseLogger - Using platform encoding (Cp1252 actually) to copy filtered resources, i.e. build is platform dependent!
2023-05-23 11:36:27,175 [Worker-55: Building] INFO  o.e.m.c.i.embedder.EclipseLogger - skip non existing resourceDirectory D:\mlm-filieris-preprod\src\main\resources
2023-05-23 11:36:27,176 [Worker-55: Building] WARN  o.e.m.c.i.embedder.EclipseLogger - Using platform encoding (Cp1252 actually) to copy filtered resources, i.e. build is platform dependent!
2023-05-23 11:36:27,176 [Worker-55: Building] INFO  o.e.m.c.i.embedder.EclipseLogger - Copying 0 resource
2023-05-24 09:23:28,714 [Worker-3: Loading available Gradle versions] INFO  o.e.b.c.i.u.g.PublishedGradleVersions - Gradle version information cache is up-to-date. Trying to read.
2023-06-01 09:10:00,634 [Worker-0: Loading available Gradle versions] INFO  o.e.b.c.i.u.g.PublishedGradleVersions - Gradle version information cache is up-to-date. Trying to read.
2023-06-01 09:15:02,806 [Worker-6: Building] WARN  o.e.m.c.i.embedder.EclipseLogger - Using platform encoding (Cp1252 actually) to copy filtered resources, i.e. build is platform dependent!
2023-06-01 09:15:02,810 [Worker-6: Building] INFO  o.e.m.c.i.embedder.EclipseLogger - skip non existing resourceDirectory D:\mlm-filieris-preprod\src\main\resources
2023-06-01 09:15:02,818 [Worker-6: Building] WARN  o.e.m.c.i.embedder.EclipseLogger - Using platform encoding (Cp1252 actually) to copy filtered resources, i.e. build is platform dependent!
2023-06-01 09:15:02,836 [Worker-6: Building] INFO  o.e.m.c.i.embedder.EclipseLogger - Copying 12 resources
2023-06-04 16:16:02,258 [Worker-4: Loading available Gradle versions] INFO  o.e.b.c.i.u.g.PublishedGradleVersions - Gradle version information cache is up-to-date. Trying to read.
2023-06-19 08:56:24,041 [Worker-6: Loading available Gradle versions] INFO  o.e.b.c.i.u.g.PublishedGradleVersions - Gradle version information cache is up-to-date. Trying to read.
2023-06-19 08:56:27,374 [Worker-7: Building] WARN  o.e.m.c.i.embedder.EclipseLogger - Using platform encoding (Cp1252 actually) to copy filtered resources, i.e. build is platform dependent!
2023-06-19 08:56:27,377 [Worker-7: Building] INFO  o.e.m.c.i.embedder.EclipseLogger - skip non existing resourceDirectory D:\mlm-filieris-preprod\src\main\resources
2023-06-19 08:56:27,379 [Worker-7: Building] WARN  o.e.m.c.i.embedder.EclipseLogger - Using platform encoding (Cp1252 actually) to copy filtered resources, i.e. build is platform dependent!
2023-06-19 08:56:27,385 [Worker-7: Building] INFO  o.e.m.c.i.embedder.EclipseLogger - Copying 12 resources
2023-07-13 11:32:35,315 [Worker-2: Loading available Gradle versions] INFO  o.e.b.c.i.u.g.PublishedGradleVersions - Gradle version information cache is up-to-date. Trying to read.
